Wed Feb 14 2018 16:48:00 GMT+0530 (IST) GET /
Wed Feb 14 2018 16:53:47 GMT+0530 (IST) GET /
Wed Feb 14 2018 16:55:30 GMT+0530 (IST) GET /info
Wed Feb 14 2018 16:55:35 GMT+0530 (IST) GET /info.html
Wed Feb 14 2018 17:23:59 GMT+0530 (IST) GET /view.html
Wed Feb 14 2018 17:25:03 GMT+0530 (IST) GET /
Wed Feb 14 2018 17:25:06 GMT+0530 (IST) GET /
Wed Feb 14 2018 17:25:06 GMT+0530 (IST) GET /robots.txt
Wed Feb 14 2018 17:25:08 GMT+0530 (IST) GET /info
Wed Feb 14 2018 17:25:11 GMT+0530 (IST) GET /
Wed Feb 14 2018 18:07:08 GMT+0530 (IST) GET /
Wed Feb 14 2018 18:07:08 GMT+0530 (IST) GET /robots.txt
Wed Feb 14 2018 18:15:19 GMT+0530 (IST) GET /
Wed Feb 14 2018 18:15:52 GMT+0530 (IST) GET /
Wed Feb 14 2018 18:16:27 GMT+0530 (IST) GET /info
Wed Feb 14 2018 18:16:30 GMT+0530 (IST) GET /maintenance
Wed Feb 14 2018 18:18:18 GMT+0530 (IST) GET /
Wed Feb 14 2018 18:18:21 GMT+0530 (IST) GET /profile
Wed Feb 14 2018 18:18:22 GMT+0530 (IST) GET /info
Wed Feb 14 2018 18:18:24 GMT+0530 (IST) GET /
Wed Feb 14 2018 18:18:25 GMT+0530 (IST) GET /profile
Wed Feb 14 2018 18:18:29 GMT+0530 (IST) GET /
Wed Feb 14 2018 18:18:31 GMT+0530 (IST) GET /info
Wed Feb 14 2018 18:18:33 GMT+0530 (IST) GET /profile
Wed Feb 14 2018 18:19:48 GMT+0530 (IST) GET /profile
Wed Feb 14 2018 18:19:48 GMT+0530 (IST) GET /robots.txt
